# JRE version: OpenJDK Runtime Environment (8.0_152-b01) (build 1.8.0_152-release-915-b01)
# Java VM: OpenJDK 64-Bit Server VM (25.152-b01 mixed mode windows-amd64 compressed oops)
Heap:
 PSYoungGen      total 233984K, used 89232K [0x00000000eab00000, 0x00000000fda00000, 0x0000000100000000)
  eden space 210944K, 42% used [0x00000000eab00000,0x00000000f02242f8,0x00000000f7900000)
  from space 23040K, 0% used [0x00000000f7900000,0x00000000f7900000,0x00000000f8f80000)
  to   space 23552K, 0% used [0x00000000fc300000,0x00000000fc300000,0x00000000fda00000)
 ParOldGen       total 141824K, used 47400K [0x00000000c0000000, 0x00000000c8a80000, 0x00000000eab00000)
  object space 141824K, 33% used [0x00000000c0000000,0x00000000c2e4a2a0,0x00000000c8a80000)
 Metaspace       used 58486K, capacity 60188K, committed 60544K, reserved 1101824K
  class space    used 7558K, capacity 7958K, committed 8064K, reserved 1048576K
GC Heap History (10 events):
Event: 29.813 GC heap before
{Heap before GC invocations=10 (full 2):
 PSYoungGen      total 123904K, used 113664K [0x00000000eab00000, 0x00000000f7f00000, 0x0000000100000000)
  eden space 113664K, 100% used [0x00000000eab00000,0x00000000f1a00000,0x00000000f1a00000)
  from space 10240K, 0% used [0x00000000f1a00000,0x00000000f1a00000,0x00000000f2400000)
  to   space 12288K, 0% used [0x00000000f7300000,0x00000000f7300000,0x00000000f7f00000)
 ParOldGen       total 84992K, used 18735K [0x00000000c0000000, 0x00000000c5300000, 0x00000000eab00000)
  object space 84992K, 22% used [0x00000000c0000000,0x00000000c124bd50,0x00000000c5300000)
 Metaspace       used 42180K, capacity 43066K, committed 43264K, reserved 1087488K
  class space    used 5583K, capacity 5799K, committed 5888K, reserved 1048576K
Event: 29.834 GC heap after
Heap after GC invocations=10 (full 2):
 PSYoungGen      total 180736K, used 10261K [0x00000000eab00000, 0x00000000f7d80000, 0x0000000100000000)
  eden space 169984K, 0% used [0x00000000eab00000,0x00000000eab00000,0x00000000f5100000)
  from space 10752K, 95% used [0x00000000f7300000,0x00000000f7d056c0,0x00000000f7d80000)
  to   space 12800K, 0% used [0x00000000f6480000,0x00000000f6480000,0x00000000f7100000)
 ParOldGen       total 84992K, used 18743K [0x00000000c0000000, 0x00000000c5300000, 0x00000000eab00000)
  object space 84992K, 22% used [0x00000000c0000000,0x00000000c124dd50,0x00000000c5300000)
 Metaspace       used 42180K, capacity 43066K, committed 43264K, reserved 1087488K
  class space    used 5583K, capacity 5799K, committed 5888K, reserved 1048576K
}
Event: 35.270 GC heap before
{Heap before GC invocations=11 (full 2):
 PSYoungGen      total 180736K, used 180245K [0x00000000eab00000, 0x00000000f7d80000, 0x0000000100000000)
  eden space 169984K, 100% used [0x00000000eab00000,0x00000000f5100000,0x00000000f5100000)
  from space 10752K, 95% used [0x00000000f7300000,0x00000000f7d056c0,0x00000000f7d80000)
  to   space 12800K, 0% used [0x00000000f6480000,0x00000000f6480000,0x00000000f7100000)
 ParOldGen       total 84992K, used 18743K [0x00000000c0000000, 0x00000000c5300000, 0x00000000eab00000)
  object space 84992K, 22% used [0x00000000c0000000,0x00000000c124dd50,0x00000000c5300000)
 Metaspace       used 47068K, capacity 48348K, committed 48512K, reserved 1091584K
  class space    used 6214K, capacity 6482K, committed 6528K, reserved 1048576K
Event: 35.308 GC heap after
Heap after GC invocations=11 (full 2):
 PSYoungGen      total 202752K, used 12778K [0x00000000eab00000, 0x00000000f9f00000, 0x0000000100000000)
  eden space 189952K, 0% used [0x00000000eab00000,0x00000000eab00000,0x00000000f6480000)
  from space 12800K, 99% used [0x00000000f6480000,0x00000000f70fa970,0x00000000f7100000)
  to   space 15872K, 0% used [0x00000000f8f80000,0x00000000f8f80000,0x00000000f9f00000)
 ParOldGen       total 84992K, used 22936K [0x00000000c0000000, 0x00000000c5300000, 0x00000000eab00000)
  object space 84992K, 26% used [0x00000000c0000000,0x00000000c1666178,0x00000000c5300000)
 Metaspace       used 47068K, capacity 48348K, committed 48512K, reserved 1091584K
  class space    used 6214K, capacity 6482K, committed 6528K, reserved 1048576K
}
Event: 45.419 GC heap before
{Heap before GC invocations=12 (full 2):
 PSYoungGen      total 202752K, used 202730K [0x00000000eab00000, 0x00000000f9f00000, 0x0000000100000000)
  eden space 189952K, 100% used [0x00000000eab00000,0x00000000f6480000,0x00000000f6480000)
  from space 12800K, 99% used [0x00000000f6480000,0x00000000f70fa970,0x00000000f7100000)
  to   space 15872K, 0% used [0x00000000f8f80000,0x00000000f8f80000,0x00000000f9f00000)
 ParOldGen       total 84992K, used 22936K [0x00000000c0000000, 0x00000000c5300000, 0x00000000eab00000)
  object space 84992K, 26% used [0x00000000c0000000,0x00000000c1666178,0x00000000c5300000)
 Metaspace       used 51224K, capacity 52830K, committed 52992K, reserved 1095680K
  class space    used 6753K, capacity 7125K, committed 7168K, reserved 1048576K
Event: 45.487 GC heap after
Heap after GC invocations=12 (full 2):
 PSYoungGen      total 226816K, used 15868K [0x00000000eab00000, 0x00000000fc300000, 0x0000000100000000)
  eden space 210944K, 0% used [0x00000000eab00000,0x00000000eab00000,0x00000000f7900000)
  from space 15872K, 99% used [0x00000000f8f80000,0x00000000f9eff1a8,0x00000000f9f00000)
  to   space 23040K, 0% used [0x00000000f7900000,0x00000000f7900000,0x00000000f8f80000)
 ParOldGen       total 84992K, used 37564K [0x00000000c0000000, 0x00000000c5300000, 0x00000000eab00000)
  object space 84992K, 44% used [0x00000000c0000000,0x00000000c24af320,0x00000000c5300000)
 Metaspace       used 51224K, capacity 52830K, committed 52992K, reserved 1095680K
  class space    used 6753K, capacity 7125K, committed 7168K, reserved 1048576K
}
Event: 57.730 GC heap before
{Heap before GC invocations=13 (full 2):
 PSYoungGen      total 226816K, used 204238K [0x00000000eab00000, 0x00000000fc300000, 0x0000000100000000)
  eden space 210944K, 89% used [0x00000000eab00000,0x00000000f62f49c8,0x00000000f7900000)
  from space 15872K, 99% used [0x00000000f8f80000,0x00000000f9eff1a8,0x00000000f9f00000)
  to   space 23040K, 0% used [0x00000000f7900000,0x00000000f7900000,0x00000000f8f80000)
 ParOldGen       total 84992K, used 37564K [0x00000000c0000000, 0x00000000c5300000, 0x00000000eab00000)
  object space 84992K, 44% used [0x00000000c0000000,0x00000000c24af320,0x00000000c5300000)
 Metaspace       used 57317K, capacity 59018K, committed 59136K, reserved 1099776K
  class space    used 7472K, capacity 7865K, committed 7936K, reserved 1048576K
Event: 57.784 GC heap after
Heap after GC invocations=13 (full 2):
 PSYoungGen      total 233984K, used 15489K [0x00000000eab00000, 0x00000000fda00000, 0x0000000100000000)
  eden space 210944K, 0% used [0x00000000eab00000,0x00000000eab00000,0x00000000f7900000)
  from space 23040K, 67% used [0x00000000f7900000,0x00000000f8820570,0x00000000f8f80000)
  to   space 23552K, 0% used [0x00000000fc300000,0x00000000fc300000,0x00000000fda00000)
 ParOldGen       total 84992K, used 44416K [0x00000000c0000000, 0x00000000c5300000, 0x00000000eab00000)
  object space 84992K, 52% used [0x00000000c0000000,0x00000000c2b600b8,0x00000000c5300000)
 Metaspace       used 57317K, capacity 59018K, committed 59136K, reserved 1099776K
  class space    used 7472K, capacity 7865K, committed 7936K, reserved 1048576K
}
Event: 57.784 GC heap before
{Heap before GC invocations=14 (full 3):
 PSYoungGen      total 233984K, used 15489K [0x00000000eab00000, 0x00000000fda00000, 0x0000000100000000)
  eden space 210944K, 0% used [0x00000000eab00000,0x00000000eab00000,0x00000000f7900000)
  from space 23040K, 67% used [0x00000000f7900000,0x00000000f8820570,0x00000000f8f80000)
  to   space 23552K, 0% used [0x00000000fc300000,0x00000000fc300000,0x00000000fda00000)
 ParOldGen       total 84992K, used 44416K [0x00000000c0000000, 0x00000000c5300000, 0x00000000eab00000)
  object space 84992K, 52% used [0x00000000c0000000,0x00000000c2b600b8,0x00000000c5300000)
 Metaspace       used 57317K, capacity 59018K, committed 59136K, reserved 1099776K
  class space    used 7472K, capacity 7865K, committed 7936K, reserved 1048576K
Event: 58.255 GC heap after
Heap after GC invocations=14 (full 3):
 PSYoungGen      total 233984K, used 0K [0x00000000eab00000, 0x00000000fda00000, 0x0000000100000000)
  eden space 210944K, 0% used [0x00000000eab00000,0x00000000eab00000,0x00000000f7900000)
  from space 23040K, 0% used [0x00000000f7900000,0x00000000f7900000,0x00000000f8f80000)
  to   space 23552K, 0% used [0x00000000fc300000,0x00000000fc300000,0x00000000fda00000)
 ParOldGen       total 141824K, used 47400K [0x00000000c0000000, 0x00000000c8a80000, 0x00000000eab00000)
  object space 141824K, 33% used [0x00000000c0000000,0x00000000c2e4a2a0,0x00000000c8a80000)
 Metaspace       used 57312K, capacity 59004K, committed 59136K, reserved 1099776K
  class space    used 7470K, capacity 7862K, committed 7936K, reserved 1048576K
}

